Arguments: 
  D:\Program Files\nodejs\node.exe D:\Program Files\yarn\bin\yarn.js add webpack --dev

PATH: 
  D:\software\cmder\bin;D:\software\cmder\vendor\conemu-maximus5\ConEmu\Scripts;D:\software\cmder\vendor\conemu-maximus5;D:\software\cmder\vendor\conemu-maximus5\ConEmu;D:\Program Files\Ruby24-x64\bin;C:\Program Files (x86)\Intel\iCLS Client\;C:\Program Files\Intel\iCLS Client\;C:\WINDOWS\system32;C:\WINDOWS;C:\WINDOWS\System32\Wbem;C:\WINDOWS\System32\WindowsPowerShell\v1.0\;C:\Program Files (x86)\Intel\Intel(R) Management Engine Components\DAL;C:\Program Files\Intel\Intel(R) Management Engine Components\DAL;C:\Program Files (x86)\Intel\Intel(R) Management Engine Components\IPT;C:\Program Files\Intel\Intel(R) Management Engine Components\IPT;C:\ProgramData\chocolatey\bin;C:\WINDOWS\System32\OpenSSH\;C:\Program Files\Java\jdk1.8.0_181\bin;C:\Program Files\Java\jdk1.8.0_181\jre\bin;D:\Program Files\yarn\bin\;D:\Program Files\svn\bin;D:\Program Files\nodejs\;d:\Program Files\Git\cmd;C:\Users\lenovo\AppData\Local\Microsoft\WindowsApps;C:\tools\dart-sdk\bin;C:\Users\lenovo\AppData\Roaming\Pub\Cache\bin;C:\Users\lenovo\AppData\Local\Yarn\bin;C:\Users\lenovo\AppData\Local\Android\Sdk\platform-tools;C:\Users\lenovo\AppData\Roaming\npm;d:\Program Files\Git\usr\bin;d:\Program Files\Git\usr\share\vim\vim74;D:\software\cmder\

Yarn version: 
  1.12.1

Node version: 
  12.16.1

Platform: 
  win32 x64

Trace: 
  Error: https://r.cnpmjs.org/terser/download/terser-4.7.0.tgz: unexpected end of file
      at Zlib.zlibOnError [as onerror] (zlib.js:180:17)

npm manifest: 
  {
    "name": "webpackTest",
    "version": "1.0.0",
    "description": "webpack test",
    "main": "index.js",
    "repository": "git@github.com:lxw666/webpackTest.git",
    "author": "xilinlin <1173442657@qq.com>",
    "license": "MIT",
    "private": true
  }

yarn manifest: 
  No manifest

Lockfile: 
  No lockfile
